  KrilovMethod.cpp
E:\.STUDY\ВычМат\Метод Крылова\KrilovMethod\KrilovMethod.cpp(40,22): warning C4838: Преобразование из "_Ty" в "float" требует сужающего преобразования.
          with
          [
              _Ty=double
          ]
E:\.STUDY\ВычМат\Метод Крылова\KrilovMethod\KrilovMethod.cpp(40,22): warning C4244: инициализация: преобразование "_Ty" в "float", возможна потеря данных
          with
          [
              _Ty=double
          ]
E:\.STUDY\ВычМат\Метод Крылова\KrilovMethod\KrilovMethod.cpp(40,31): warning C4838: Преобразование из "_Ty" в "float" требует сужающего преобразования.
          with
          [
              _Ty=double
          ]
E:\.STUDY\ВычМат\Метод Крылова\KrilovMethod\KrilovMethod.cpp(40,31): warning C4244: инициализация: преобразование "_Ty" в "float", возможна потеря данных
          with
          [
              _Ty=double
          ]
E:\.STUDY\ВычМат\Метод Крылова\KrilovMethod\KrilovMethod.cpp(40,40): warning C4838: Преобразование из "_Ty" в "float" требует сужающего преобразования.
          with
          [
              _Ty=double
          ]
E:\.STUDY\ВычМат\Метод Крылова\KrilovMethod\KrilovMethod.cpp(40,40): warning C4244: инициализация: преобразование "_Ty" в "float", возможна потеря данных
          with
          [
              _Ty=double
          ]
E:\.STUDY\ВычМат\Метод Крылова\KrilovMethod\KrilovMethod.cpp(40,49): warning C4838: Преобразование из "_Ty" в "float" требует сужающего преобразования.
          with
          [
              _Ty=double
          ]
E:\.STUDY\ВычМат\Метод Крылова\KrilovMethod\KrilovMethod.cpp(40,49): warning C4244: инициализация: преобразование "_Ty" в "float", возможна потеря данных
          with
          [
              _Ty=double
          ]
E:\.STUDY\ВычМат\Метод Крылова\KrilovMethod\KrilovMethod.cpp(40,58): warning C4838: Преобразование из "_Ty" в "float" требует сужающего преобразования.
          with
          [
              _Ty=double
          ]
E:\.STUDY\ВычМат\Метод Крылова\KrilovMethod\KrilovMethod.cpp(40,58): warning C4244: инициализация: преобразование "_Ty" в "float", возможна потеря данных
          with
          [
              _Ty=double
          ]
  KrilovMethod.vcxproj -> E:\.STUDY\ВычМат\Метод Крылова\Debug\KrilovMethod.exe
